<?xml version="1.0" encoding="UTF-8"?>
<testsuite xmlns:xsi="http://www.w3.org/2001/XMLSchema-instance" xsi:noNamespaceSchemaLocation="https://maven.apache.org/surefire/maven-surefire-plugin/xsd/surefire-test-report-3.0.xsd" version="3.0" name="TestSuite" time="73.601" tests="1" errors="0" skipped="0" failures="0">
  <properties>
    <property name="java.specification.version" value="15"/>
    <property name="sun.jnu.encoding" value="UTF-8"/>
    <property name="java.class.path" value="/Users/kentvanlim/jenkinsforcompass/mavenjenkins/target/test-classes:/Users/kentvanlim/jenkinsforcompass/mavenjenkins/target/classes:/Users/kentvanlim/.m2/repository/org/testng/testng/7.3.0/testng-7.3.0.jar:/Users/kentvanlim/.m2/repository/com/beust/jcommander/1.78/jcommander-1.78.jar:/Users/kentvanlim/.m2/repository/org/apache/ant/ant/1.10.3/ant-1.10.3.jar:/Users/kentvanlim/.m2/repository/org/apache/ant/ant-launcher/1.10.3/ant-launcher-1.10.3.jar:/Users/kentvanlim/.m2/repository/junit/junit/4.12/junit-4.12.jar:/Users/kentvanlim/.m2/repository/org/hamcrest/hamcrest-core/1.3/hamcrest-core-1.3.jar:/Users/kentvanlim/.m2/repository/com/google/inject/guice/4.2.2/guice-4.2.2-no_aop.jar:/Users/kentvanlim/.m2/repository/javax/inject/javax.inject/1/javax.inject-1.jar:/Users/kentvanlim/.m2/repository/aopalliance/aopalliance/1.0/aopalliance-1.0.jar:/Users/kentvanlim/.m2/repository/org/yaml/snakeyaml/1.21/snakeyaml-1.21.jar:/Users/kentvanlim/.m2/repository/org/seleniumhq/selenium/selenium-java/3.141.59/selenium-java-3.141.59.jar:/Users/kentvanlim/.m2/repository/org/seleniumhq/selenium/selenium-api/3.141.59/selenium-api-3.141.59.jar:/Users/kentvanlim/.m2/repository/org/seleniumhq/selenium/selenium-chrome-driver/3.141.59/selenium-chrome-driver-3.141.59.jar:/Users/kentvanlim/.m2/repository/org/seleniumhq/selenium/selenium-edge-driver/3.141.59/selenium-edge-driver-3.141.59.jar:/Users/kentvanlim/.m2/repository/org/seleniumhq/selenium/selenium-firefox-driver/3.141.59/selenium-firefox-driver-3.141.59.jar:/Users/kentvanlim/.m2/repository/org/seleniumhq/selenium/selenium-ie-driver/3.141.59/selenium-ie-driver-3.141.59.jar:/Users/kentvanlim/.m2/repository/org/seleniumhq/selenium/selenium-opera-driver/3.141.59/selenium-opera-driver-3.141.59.jar:/Users/kentvanlim/.m2/repository/org/seleniumhq/selenium/selenium-remote-driver/3.141.59/selenium-remote-driver-3.141.59.jar:/Users/kentvanlim/.m2/repository/org/seleniumhq/selenium/selenium-safari-driver/3.141.59/selenium-safari-driver-3.141.59.jar:/Users/kentvanlim/.m2/repository/org/seleniumhq/selenium/selenium-support/3.141.59/selenium-support-3.141.59.jar:/Users/kentvanlim/.m2/repository/net/bytebuddy/byte-buddy/1.8.15/byte-buddy-1.8.15.jar:/Users/kentvanlim/.m2/repository/org/apache/commons/commons-exec/1.3/commons-exec-1.3.jar:/Users/kentvanlim/.m2/repository/com/google/guava/guava/25.0-jre/guava-25.0-jre.jar:/Users/kentvanlim/.m2/repository/com/google/code/findbugs/jsr305/1.3.9/jsr305-1.3.9.jar:/Users/kentvanlim/.m2/repository/org/checkerframework/checker-compat-qual/2.0.0/checker-compat-qual-2.0.0.jar:/Users/kentvanlim/.m2/repository/com/google/errorprone/error_prone_annotations/2.1.3/error_prone_annotations-2.1.3.jar:/Users/kentvanlim/.m2/repository/com/google/j2objc/j2objc-annotations/1.1/j2objc-annotations-1.1.jar:/Users/kentvanlim/.m2/repository/org/codehaus/mojo/animal-sniffer-annotations/1.14/animal-sniffer-annotations-1.14.jar:/Users/kentvanlim/.m2/repository/com/squareup/okhttp3/okhttp/3.11.0/okhttp-3.11.0.jar:/Users/kentvanlim/.m2/repository/com/squareup/okio/okio/1.14.0/okio-1.14.0.jar:/Users/kentvanlim/.m2/repository/io/github/bonigarcia/webdrivermanager/4.3.1/webdrivermanager-4.3.1.jar:/Users/kentvanlim/.m2/repository/org/slf4j/slf4j-api/1.7.30/slf4j-api-1.7.30.jar:/Users/kentvanlim/.m2/repository/commons-io/commons-io/2.8.0/commons-io-2.8.0.jar:/Users/kentvanlim/.m2/repository/com/google/code/gson/gson/2.8.6/gson-2.8.6.jar:/Users/kentvanlim/.m2/repository/org/apache/commons/commons-lang3/3.11/commons-lang3-3.11.jar:/Users/kentvanlim/.m2/repository/org/apache/httpcomponents/client5/httpclient5/5.0.3/httpclient5-5.0.3.jar:/Users/kentvanlim/.m2/repository/org/apache/httpcomponents/core5/httpcore5/5.0.2/httpcore5-5.0.2.jar:/Users/kentvanlim/.m2/repository/org/apache/httpcomponents/core5/httpcore5-h2/5.0.2/httpcore5-h2-5.0.2.jar:/Users/kentvanlim/.m2/repository/commons-codec/commons-codec/1.13/commons-codec-1.13.jar:/Users/kentvanlim/.m2/repository/org/rauschig/jarchivelib/1.1.0/jarchivelib-1.1.0.jar:/Users/kentvanlim/.m2/repository/org/apache/commons/commons-compress/1.20/commons-compress-1.20.jar:/Users/kentvanlim/.m2/repository/org/jsoup/jsoup/1.13.1/jsoup-1.13.1.jar:"/>
    <property name="java.vm.vendor" value="Oracle Corporation"/>
    <property name="sun.arch.data.model" value="64"/>
    <property name="java.vendor.url" value="https://openjdk.java.net/"/>
    <property name="user.timezone" value="Asia/Jakarta"/>
    <property name="os.name" value="Mac OS X"/>
    <property name="java.vm.specification.version" value="15"/>
    <property name="user.country" value="ID"/>
    <property name="sun.java.launcher" value="SUN_STANDARD"/>
    <property name="sun.boot.library.path" value="/usr/local/Cellar/openjdk/15.0.2/libexec/openjdk.jdk/Contents/Home/lib"/>
    <property name="sun.java.command" value="/Users/kentvanlim/jenkinsforcompass/mavenjenkins/target/surefire/surefirebooter7804421988283655064.jar /Users/kentvanlim/jenkinsforcompass/mavenjenkins/target/surefire 2021-05-21T16-42-59_145-jvmRun1 surefire11397242859040238723tmp surefire_02603465706915448833tmp"/>
    <property name="http.nonProxyHosts" value="local|*.local|169.254/16|*.169.254/16"/>
    <property name="jdk.debug" value="release"/>
    <property name="surefire.test.class.path" value="/Users/kentvanlim/jenkinsforcompass/mavenjenkins/target/test-classes:/Users/kentvanlim/jenkinsforcompass/mavenjenkins/target/classes:/Users/kentvanlim/.m2/repository/org/testng/testng/7.3.0/testng-7.3.0.jar:/Users/kentvanlim/.m2/repository/com/beust/jcommander/1.78/jcommander-1.78.jar:/Users/kentvanlim/.m2/repository/org/apache/ant/ant/1.10.3/ant-1.10.3.jar:/Users/kentvanlim/.m2/repository/org/apache/ant/ant-launcher/1.10.3/ant-launcher-1.10.3.jar:/Users/kentvanlim/.m2/repository/junit/junit/4.12/junit-4.12.jar:/Users/kentvanlim/.m2/repository/org/hamcrest/hamcrest-core/1.3/hamcrest-core-1.3.jar:/Users/kentvanlim/.m2/repository/com/google/inject/guice/4.2.2/guice-4.2.2-no_aop.jar:/Users/kentvanlim/.m2/repository/javax/inject/javax.inject/1/javax.inject-1.jar:/Users/kentvanlim/.m2/repository/aopalliance/aopalliance/1.0/aopalliance-1.0.jar:/Users/kentvanlim/.m2/repository/org/yaml/snakeyaml/1.21/snakeyaml-1.21.jar:/Users/kentvanlim/.m2/repository/org/seleniumhq/selenium/selenium-java/3.141.59/selenium-java-3.141.59.jar:/Users/kentvanlim/.m2/repository/org/seleniumhq/selenium/selenium-api/3.141.59/selenium-api-3.141.59.jar:/Users/kentvanlim/.m2/repository/org/seleniumhq/selenium/selenium-chrome-driver/3.141.59/selenium-chrome-driver-3.141.59.jar:/Users/kentvanlim/.m2/repository/org/seleniumhq/selenium/selenium-edge-driver/3.141.59/selenium-edge-driver-3.141.59.jar:/Users/kentvanlim/.m2/repository/org/seleniumhq/selenium/selenium-firefox-driver/3.141.59/selenium-firefox-driver-3.141.59.jar:/Users/kentvanlim/.m2/repository/org/seleniumhq/selenium/selenium-ie-driver/3.141.59/selenium-ie-driver-3.141.59.jar:/Users/kentvanlim/.m2/repository/org/seleniumhq/selenium/selenium-opera-driver/3.141.59/selenium-opera-driver-3.141.59.jar:/Users/kentvanlim/.m2/repository/org/seleniumhq/selenium/selenium-remote-driver/3.141.59/selenium-remote-driver-3.141.59.jar:/Users/kentvanlim/.m2/repository/org/seleniumhq/selenium/selenium-safari-driver/3.141.59/selenium-safari-driver-3.141.59.jar:/Users/kentvanlim/.m2/repository/org/seleniumhq/selenium/selenium-support/3.141.59/selenium-support-3.141.59.jar:/Users/kentvanlim/.m2/repository/net/bytebuddy/byte-buddy/1.8.15/byte-buddy-1.8.15.jar:/Users/kentvanlim/.m2/repository/org/apache/commons/commons-exec/1.3/commons-exec-1.3.jar:/Users/kentvanlim/.m2/repository/com/google/guava/guava/25.0-jre/guava-25.0-jre.jar:/Users/kentvanlim/.m2/repository/com/google/code/findbugs/jsr305/1.3.9/jsr305-1.3.9.jar:/Users/kentvanlim/.m2/repository/org/checkerframework/checker-compat-qual/2.0.0/checker-compat-qual-2.0.0.jar:/Users/kentvanlim/.m2/repository/com/google/errorprone/error_prone_annotations/2.1.3/error_prone_annotations-2.1.3.jar:/Users/kentvanlim/.m2/repository/com/google/j2objc/j2objc-annotations/1.1/j2objc-annotations-1.1.jar:/Users/kentvanlim/.m2/repository/org/codehaus/mojo/animal-sniffer-annotations/1.14/animal-sniffer-annotations-1.14.jar:/Users/kentvanlim/.m2/repository/com/squareup/okhttp3/okhttp/3.11.0/okhttp-3.11.0.jar:/Users/kentvanlim/.m2/repository/com/squareup/okio/okio/1.14.0/okio-1.14.0.jar:/Users/kentvanlim/.m2/repository/io/github/bonigarcia/webdrivermanager/4.3.1/webdrivermanager-4.3.1.jar:/Users/kentvanlim/.m2/repository/org/slf4j/slf4j-api/1.7.30/slf4j-api-1.7.30.jar:/Users/kentvanlim/.m2/repository/commons-io/commons-io/2.8.0/commons-io-2.8.0.jar:/Users/kentvanlim/.m2/repository/com/google/code/gson/gson/2.8.6/gson-2.8.6.jar:/Users/kentvanlim/.m2/repository/org/apache/commons/commons-lang3/3.11/commons-lang3-3.11.jar:/Users/kentvanlim/.m2/repository/org/apache/httpcomponents/client5/httpclient5/5.0.3/httpclient5-5.0.3.jar:/Users/kentvanlim/.m2/repository/org/apache/httpcomponents/core5/httpcore5/5.0.2/httpcore5-5.0.2.jar:/Users/kentvanlim/.m2/repository/org/apache/httpcomponents/core5/httpcore5-h2/5.0.2/httpcore5-h2-5.0.2.jar:/Users/kentvanlim/.m2/repository/commons-codec/commons-codec/1.13/commons-codec-1.13.jar:/Users/kentvanlim/.m2/repository/org/rauschig/jarchivelib/1.1.0/jarchivelib-1.1.0.jar:/Users/kentvanlim/.m2/repository/org/apache/commons/commons-compress/1.20/commons-compress-1.20.jar:/Users/kentvanlim/.m2/repository/org/jsoup/jsoup/1.13.1/jsoup-1.13.1.jar:"/>
    <property name="sun.cpu.endian" value="little"/>
    <property name="user.home" value="/Users/kentvanlim"/>
    <property name="user.language" value="en"/>
    <property name="java.specification.vendor" value="Oracle Corporation"/>
    <property name="java.version.date" value="2021-01-19"/>
    <property name="java.home" value="/usr/local/Cellar/openjdk/15.0.2/libexec/openjdk.jdk/Contents/Home"/>
    <property name="file.separator" value="/"/>
    <property name="basedir" value="/Users/kentvanlim/jenkinsforcompass/mavenjenkins"/>
    <property name="java.vm.compressedOopsMode" value="Zero based"/>
    <property name="line.separator" value="&#10;"/>
    <property name="java.vm.specification.vendor" value="Oracle Corporation"/>
    <property name="java.specification.name" value="Java Platform API Specification"/>
    <property name="surefire.real.class.path" value="/Users/kentvanlim/jenkinsforcompass/mavenjenkins/target/surefire/surefirebooter7804421988283655064.jar"/>
    <property name="sun.management.compiler" value="HotSpot 64-Bit Tiered Compilers"/>
    <property name="ftp.nonProxyHosts" value="local|*.local|169.254/16|*.169.254/16"/>
    <property name="java.runtime.version" value="15.0.2+7"/>
    <property name="user.name" value="kentvanlim"/>
    <property name="path.separator" value=":"/>
    <property name="os.version" value="11.2.2"/>
    <property name="java.runtime.name" value="OpenJDK Runtime Environment"/>
    <property name="file.encoding" value="UTF-8"/>
    <property name="browser" value=""/>
    <property name="java.vm.name" value="OpenJDK 64-Bit Server VM"/>
    <property name="maven.ext.class.path" value="/Applications/NetBeans/Apache NetBeans 12.2.app/Contents/Resources/NetBeans/netbeans/java/maven-nblib/netbeans-eventspy.jar"/>
    <property name="localRepository" value="/Users/kentvanlim/.m2/repository"/>
    <property name="java.vendor.url.bug" value="https://bugreport.java.com/bugreport/"/>
    <property name="java.io.tmpdir" value="/var/folders/yz/mh8vht6n20l542fnsjqs9h9h0000gn/T/"/>
    <property name="java.version" value="15.0.2"/>
    <property name="user.dir" value="/Users/kentvanlim/jenkinsforcompass/mavenjenkins"/>
    <property name="os.arch" value="x86_64"/>
    <property name="webdriver.gecko.driver" value="/Users/kentvanlim/.cache/selenium/geckodriver/mac64/0.29.0/geckodriver"/>
    <property name="java.vm.specification.name" value="Java Virtual Machine Specification"/>
    <property name="java.library.path" value="/Users/kentvanlim/Library/Java/Extensions:/Library/Java/Extensions:/Network/Library/Java/Extensions:/System/Library/Java/Extensions:/usr/lib/java:."/>
    <property name="java.vm.info" value="mixed mode, sharing"/>
    <property name="java.vendor" value="N/A"/>
    <property name="java.vm.version" value="15.0.2+7"/>
    <property name="sun.io.unicode.encoding" value="UnicodeBig"/>
    <property name="netbeans.testng.action" value="true"/>
    <property name="socksNonProxyHosts" value="local|*.local|169.254/16|*.169.254/16"/>
    <property name="java.class.version" value="59.0"/>
  </properties>
  <testcase name="startBrowser[Firefox](1)" classname="mavenforjenkins.UITest" time="73.148">
    <system-out><![CDATA[Parameter value is Firefox
]]></system-out>
    <system-err><![CDATA[SLF4J: Failed to load class "org.slf4j.impl.StaticLoggerBinder".
SLF4J: Defaulting to no-operation (NOP) logger implementation
SLF4J: See http://www.slf4j.org/codes.html#StaticLoggerBinder for further details.
1621590180209	geckodriver	INFO	Listening on 127.0.0.1:38559
1621590180355	mozrunner::runner	INFO	Running command: "/Applications/Firefox.app/Contents/MacOS/firefox-bin" "--marionette" "-headless" "-foreground" "-no-remote" "-profile" "/var/folders/yz/mh8vht6n20l542fnsjqs9h9h0000gn/T/rust_mozprofilemsF0HR"
*** You are running in headless mode.
1621590180736	Marionette	INFO	Marionette enabled
console.warn: SearchSettings: "get: No settings file exists, new profile?" (new Error("", "(unknown module)"))
1621590182401	Marionette	INFO	Listening on port 65421
1621590182502	Marionette	WARN	TLS certificate errors will be ignored for this session
May 21, 2021 4:43:02 PM org.openqa.selenium.remote.ProtocolHandshake createSession
INFO: Detected dialect: W3C
1621590252500	Marionette	INFO	Stopped listening on port 65421
]]></system-err>
  </testcase>
</testsuite>