<?xml version="1.0" encoding="UTF-8"?>
<!-- Generated by org.testng.reporters.JUnitReportReporter -->
<testsuite hostname="Kents-MacBook-Pro.local" failures="0" tests="3" name="mavenforjenkins.UITest" time="73.127" errors="0" timestamp="2021-05-21T16:44:13 WIB" skipped="2">
  <testcase classname="mavenforjenkins.UITest" name="startBrowser" time="73.127"/>
  <system-out/>
  <testcase classname="mavenforjenkins.UITest" name="startBrowser">
    <skipped/>
  </testcase> <!-- startBrowser -->
  <system-out/>
  <testcase classname="mavenforjenkins.UITest" name="startBrowser2">
    <skipped/>
  </testcase> <!-- startBrowser2 -->
  <system-out/>
</testsuite> <!-- mavenforjenkins.UITest -->
