<?xml version="1.0" encoding="UTF-8"?>
<!-- Generated by org.testng.reporters.JUnitReportReporter -->
<testsuite hostname="Kents-MacBook-Pro.local" failures="0" tests="2" name="mavenforjenkins.UITest" time="82.567" errors="0" timestamp="2021-05-21T16:25:19 WIB" skipped="1">
  <testcase classname="mavenforjenkins.UITest" name="startBrowser" time="82.567"/>
  <system-out/>
  <testcase classname="mavenforjenkins.UITest" name="startBrowser">
    <skipped/>
  </testcase> <!-- startBrowser -->
  <system-out/>
</testsuite> <!-- mavenforjenkins.UITest -->
