<?xml version="1.0" encoding="UTF-8"?>
<!-- Generated by org.testng.reporters.JUnitReportReporter -->
<testsuite hostname="Kents-MacBook-Pro.local" failures="0" tests="1" name="mavenforjenkins.UITest" time="6.587" errors="0" timestamp="2021-05-21T15:40:33 WIB" skipped="0">
  <testcase classname="mavenforjenkins.UITest" name="startBrowser" time="6.587"/>
  <system-out/>
</testsuite> <!-- mavenforjenkins.UITest -->
